<?xml version="1.0" encoding="UTF-8"?>
<!-- Generated by org.testng.reporters.JUnitXMLReporter -->
<testsuite ignored="0" hostname="Rajnis-MacBook-Pro.local" failures="1" tests="7" name="TestNG learning" time="15.324" errors="0" timestamp="2021-09-27T16:20:57 PDT">
  <testcase classname="com.testng.annotationsTest" name="testOneMthd" time="0.005"/>
  <testcase classname="com.testng.annotationsTest" name="testThreeMthd" time="0.002"/>
  <testcase classname="com.testng.annotationsTest" name="testTwoMthd" time="0.002"/>
  <testcase classname="com.testng.GoogleTest" name="googleLabel" time="0.078"/>
  <testcase classname="com.testng.GoogleTest" name="googleTitle" time="0.007">
    <failure type="java.lang.AssertionError" message="expected [Google1] but found [Google]">
      <![CDATA[java.lang.AssertionError: expected [Google1] but found [Google]
at com.testng.GoogleTest.googleTitle(GoogleTest.java:35)
at java.base/java.util.ArrayList.forEach(ArrayList.java:1511)
... Removed 33 stack frames]]>
    </failure>
  </testcase> <!-- googleTitle -->
  <testcase classname="com.testng.GoogleTest" name="googleSearch" time="0.0">
    <skipped/>
  </testcase> <!-- googleSearch -->
  <testcase classname="com.testng.yahooLoginTest" name="launchUrlAndLogin" time="8.445"/>
</testsuite> <!-- TestNG learning -->
