<?xml version="1.0" encoding="UTF-8"?>
<!-- Generated by org.testng.reporters.JUnitXMLReporter -->
<testsuite ignored="0" hostname="Rajnis-MacBook-Pro.local" failures="0" tests="6" name="Default test" time="53.699" errors="0" timestamp="2021-09-30T08:31:14 PDT">
  <testcase classname="com.testng.createLeadUsingWrapperTest" name="test" time="6.14"/>
  <testcase classname="com.testng.createLeadUsingWrapperTest" name="test" time="4.737"/>
  <testcase classname="com.testng.createLeadUsingWrapperTest" name="test" time="5.36"/>
  <testcase classname="com.testng.createLeadUsingWrapperTest" name="test" time="5.294"/>
  <testcase classname="com.testng.createLeadUsingWrapperTest" name="test" time="5.263"/>
  <testcase classname="com.testng.createLeadUsingWrapperTest" name="test" time="5.029"/>
</testsuite> <!-- Default test -->
