<?xml version="1.0" encoding="UTF-8"?>
<testng-results ignored="0" total="6" passed="6" failed="0" skipped="0">
  <reporter-output>
  </reporter-output>
  <suite started-at="2021-09-30T08:30:16 PDT" name="Default suite" finished-at="2021-09-30T08:31:09 PDT" duration-ms="53699">
    <groups>
    </groups>
    <test started-at="2021-09-30T08:30:16 PDT" name="Default test" finished-at="2021-09-30T08:31:09 PDT" duration-ms="53699">
      <class name="com.testng.createLeadUsingWrapperTest">
        <test-method is-config="true" signature="setup(java.lang.String,java.lang.String,java.lang.String)[pri:0, instance:com.testng.createLeadUsingWrapperTest@383bfa16]" started-at="2021-09-30T08:30:16 PDT" name="setup" finished-at="2021-09-30T08:30:27 PDT" duration-ms="11804" status="PASS">
          <params>
            <param index="0">
              <value>
                <![CDATA[http://leaftaps.com/opentaps/control/login]]>
              </value>
            </param>
            <param index="1">
              <value>
                <![CDATA[demosalesmanager]]>
              </value>
            </param>
            <param index="2">
              <value>
                <![CDATA[crmsfa]]>
              </value>
            </param>
          </params>
          <reporter-output>
          </reporter-output>
        </test-method> <!-- setup -->
        <test-method signature="test(java.lang.String,java.lang.String,java.lang.String,java.lang.String,java.lang.String,java.lang.String,java.lang.String)[pri:0, instance:com.testng.createLeadUsingWrapperTest@383bfa16]" started-at="2021-09-30T08:30:28 PDT" name="test" data-provider="getTestData" finished-at="2021-09-30T08:30:34 PDT" duration-ms="6140" status="PASS">
          <params>
            <param index="0">
              <value>
                <![CDATA[cname1]]>
              </value>
            </param>
            <param index="1">
              <value>
                <![CDATA[Fname1]]>
              </value>
            </param>
            <param index="2">
              <value>
                <![CDATA[Lname1]]>
              </value>
            </param>
            <param index="3">
              <value>
                <![CDATA[add1]]>
              </value>
            </param>
            <param index="4">
              <value>
                <![CDATA[city1]]>
              </value>
            </param>
            <param index="5">
              <value>
                <![CDATA[11111]]>
              </value>
            </param>
            <param index="6">
              <value>
                <![CDATA[Alabama]]>
              </value>
            </param>
          </params>
          <reporter-output>
          </reporter-output>
        </test-method> <!-- test -->
        <test-method is-config="true" signature="backToHome()[pri:0, instance:com.testng.createLeadUsingWrapperTest@383bfa16]" started-at="2021-09-30T08:30:34 PDT" name="backToHome" finished-at="2021-09-30T08:30:35 PDT" duration-ms="1230" status="PASS">
          <reporter-output>
          </reporter-output>
        </test-method> <!-- backToHome -->
        <test-method signature="test(java.lang.String,java.lang.String,java.lang.String,java.lang.String,java.lang.String,java.lang.String,java.lang.String)[pri:0, instance:com.testng.createLeadUsingWrapperTest@383bfa16]" started-at="2021-09-30T08:30:35 PDT" name="test" data-provider="getTestData" finished-at="2021-09-30T08:30:40 PDT" duration-ms="4737" status="PASS">
          <params>
            <param index="0">
              <value>
                <![CDATA[cname2]]>
              </value>
            </param>
            <param index="1">
              <value>
                <![CDATA[Fname2]]>
              </value>
            </param>
            <param index="2">
              <value>
                <![CDATA[Lname2]]>
              </value>
            </param>
            <param index="3">
              <value>
                <![CDATA[add2]]>
              </value>
            </param>
            <param index="4">
              <value>
                <![CDATA[city2]]>
              </value>
            </param>
            <param index="5">
              <value>
                <![CDATA[11112]]>
              </value>
            </param>
            <param index="6">
              <value>
                <![CDATA[Alabama]]>
              </value>
            </param>
          </params>
          <reporter-output>
          </reporter-output>
        </test-method> <!-- test -->
        <test-method is-config="true" signature="backToHome()[pri:0, instance:com.testng.createLeadUsingWrapperTest@383bfa16]" started-at="2021-09-30T08:30:40 PDT" name="backToHome" finished-at="2021-09-30T08:30:42 PDT" duration-ms="1372" status="PASS">
          <reporter-output>
          </reporter-output>
        </test-method> <!-- backToHome -->
        <test-method signature="test(java.lang.String,java.lang.String,java.lang.String,java.lang.String,java.lang.String,java.lang.String,java.lang.String)[pri:0, instance:com.testng.createLeadUsingWrapperTest@383bfa16]" started-at="2021-09-30T08:30:42 PDT" name="test" data-provider="getTestData" finished-at="2021-09-30T08:30:47 PDT" duration-ms="5360" status="PASS">
          <params>
            <param index="0">
              <value>
                <![CDATA[cname3]]>
              </value>
            </param>
            <param index="1">
              <value>
                <![CDATA[Fname3]]>
              </value>
            </param>
            <param index="2">
              <value>
                <![CDATA[Lname3]]>
              </value>
            </param>
            <param index="3">
              <value>
                <![CDATA[add3]]>
              </value>
            </param>
            <param index="4">
              <value>
                <![CDATA[city3]]>
              </value>
            </param>
            <param index="5">
              <value>
                <![CDATA[11113]]>
              </value>
            </param>
            <param index="6">
              <value>
                <![CDATA[Alabama]]>
              </value>
            </param>
          </params>
          <reporter-output>
          </reporter-output>
        </test-method> <!-- test -->
        <test-method is-config="true" signature="backToHome()[pri:0, instance:com.testng.createLeadUsingWrapperTest@383bfa16]" started-at="2021-09-30T08:30:47 PDT" name="backToHome" finished-at="2021-09-30T08:30:48 PDT" duration-ms="1389" status="PASS">
          <reporter-output>
          </reporter-output>
        </test-method> <!-- backToHome -->
        <test-method signature="test(java.lang.String,java.lang.String,java.lang.String,java.lang.String,java.lang.String,java.lang.String,java.lang.String)[pri:0, instance:com.testng.createLeadUsingWrapperTest@383bfa16]" started-at="2021-09-30T08:30:48 PDT" name="test" data-provider="getTestData" finished-at="2021-09-30T08:30:54 PDT" duration-ms="5294" status="PASS">
          <params>
            <param index="0">
              <value>
                <![CDATA[cname4]]>
              </value>
            </param>
            <param index="1">
              <value>
                <![CDATA[Fname4]]>
              </value>
            </param>
            <param index="2">
              <value>
                <![CDATA[Lname4]]>
              </value>
            </param>
            <param index="3">
              <value>
                <![CDATA[add4]]>
              </value>
            </param>
            <param index="4">
              <value>
                <![CDATA[city4]]>
              </value>
            </param>
            <param index="5">
              <value>
                <![CDATA[11114]]>
              </value>
            </param>
            <param index="6">
              <value>
                <![CDATA[Alabama]]>
              </value>
            </param>
          </params>
          <reporter-output>
          </reporter-output>
        </test-method> <!-- test -->
        <test-method is-config="true" signature="backToHome()[pri:0, instance:com.testng.createLeadUsingWrapperTest@383bfa16]" started-at="2021-09-30T08:30:54 PDT" name="backToHome" finished-at="2021-09-30T08:30:55 PDT" duration-ms="1490" status="PASS">
          <reporter-output>
          </reporter-output>
        </test-method> <!-- backToHome -->
        <test-method signature="test(java.lang.String,java.lang.String,java.lang.String,java.lang.String,java.lang.String,java.lang.String,java.lang.String)[pri:0, instance:com.testng.createLeadUsingWrapperTest@383bfa16]" started-at="2021-09-30T08:30:55 PDT" name="test" data-provider="getTestData" finished-at="2021-09-30T08:31:00 PDT" duration-ms="5263" status="PASS">
          <params>
            <param index="0">
              <value>
                <![CDATA[cname5]]>
              </value>
            </param>
            <param index="1">
              <value>
                <![CDATA[Fname5]]>
              </value>
            </param>
            <param index="2">
              <value>
                <![CDATA[Lname5]]>
              </value>
            </param>
            <param index="3">
              <value>
                <![CDATA[add5]]>
              </value>
            </param>
            <param index="4">
              <value>
                <![CDATA[city5]]>
              </value>
            </param>
            <param index="5">
              <value>
                <![CDATA[11115]]>
              </value>
            </param>
            <param index="6">
              <value>
                <![CDATA[Alabama]]>
              </value>
            </param>
          </params>
          <reporter-output>
          </reporter-output>
        </test-method> <!-- test -->
        <test-method is-config="true" signature="backToHome()[pri:0, instance:com.testng.createLeadUsingWrapperTest@383bfa16]" started-at="2021-09-30T08:31:00 PDT" name="backToHome" finished-at="2021-09-30T08:31:02 PDT" duration-ms="1738" status="PASS">
          <reporter-output>
          </reporter-output>
        </test-method> <!-- backToHome -->
        <test-method signature="test(java.lang.String,java.lang.String,java.lang.String,java.lang.String,java.lang.String,java.lang.String,java.lang.String)[pri:0, instance:com.testng.createLeadUsingWrapperTest@383bfa16]" started-at="2021-09-30T08:31:02 PDT" name="test" data-provider="getTestData" finished-at="2021-09-30T08:31:07 PDT" duration-ms="5029" status="PASS">
          <params>
            <param index="0">
              <value>
                <![CDATA[cname6]]>
              </value>
            </param>
            <param index="1">
              <value>
                <![CDATA[Fname6]]>
              </value>
            </param>
            <param index="2">
              <value>
                <![CDATA[Lname6]]>
              </value>
            </param>
            <param index="3">
              <value>
                <![CDATA[add6]]>
              </value>
            </param>
            <param index="4">
              <value>
                <![CDATA[city6]]>
              </value>
            </param>
            <param index="5">
              <value>
                <![CDATA[11116]]>
              </value>
            </param>
            <param index="6">
              <value>
                <![CDATA[Alabama]]>
              </value>
            </param>
          </params>
          <reporter-output>
          </reporter-output>
        </test-method> <!-- test -->
        <test-method is-config="true" signature="backToHome()[pri:0, instance:com.testng.createLeadUsingWrapperTest@383bfa16]" started-at="2021-09-30T08:31:07 PDT" name="backToHome" finished-at="2021-09-30T08:31:09 PDT" duration-ms="1892" status="PASS">
          <reporter-output>
          </reporter-output>
        </test-method> <!-- backToHome -->
        <test-method is-config="true" signature="tearDown()[pri:0, instance:com.testng.createLeadUsingWrapperTest@383bfa16]" started-at="2021-09-30T08:31:09 PDT" name="tearDown" finished-at="2021-09-30T08:31:09 PDT" duration-ms="207" status="PASS">
          <reporter-output>
          </reporter-output>
        </test-method> <!-- tearDown -->
      </class> <!-- com.testng.createLeadUsingWrapperTest -->
    </test> <!-- Default test -->
  </suite> <!-- Default suite -->
</testng-results>
