<?xml version="1.0" encoding="UTF-8"?>
<testng-results ignored="0" total="1" passed="1" failed="0" skipped="0">
  <reporter-output>
  </reporter-output>
  <suite started-at="2021-10-04T14:39:11 PDT" name="Default suite" finished-at="2021-10-04T14:39:27 PDT" duration-ms="16124">
    <groups>
    </groups>
    <test started-at="2021-10-04T14:39:11 PDT" name="Default test" finished-at="2021-10-04T14:39:27 PDT" duration-ms="16124">
      <class name="com.testng.WeatherTest">
        <test-method is-config="true" signature="setup()[pri:0, instance:com.testng.WeatherTest@cad498c]" started-at="2021-10-04T14:39:11 PDT" name="setup" finished-at="2021-10-04T14:39:22 PDT" duration-ms="11439" status="PASS">
          <reporter-output>
          </reporter-output>
        </test-method> <!-- setup -->
        <test-method signature="weatherTest()[pri:0, instance:com.testng.WeatherTest@cad498c]" started-at="2021-10-04T14:39:22 PDT" name="weatherTest" finished-at="2021-10-04T14:39:26 PDT" duration-ms="4364" status="PASS">
          <reporter-output>
          </reporter-output>
        </test-method> <!-- weatherTest -->
        <test-method is-config="true" signature="tearDown()[pri:0, instance:com.testng.WeatherTest@cad498c]" started-at="2021-10-04T14:39:26 PDT" name="tearDown" finished-at="2021-10-04T14:39:27 PDT" duration-ms="286" status="PASS">
          <reporter-output>
          </reporter-output>
        </test-method> <!-- tearDown -->
      </class> <!-- com.testng.WeatherTest -->
    </test> <!-- Default test -->
  </suite> <!-- Default suite -->
</testng-results>
